<?xml version="1.0" encoding="UTF-8"?>
<!-- Generated by org.testng.reporters.JUnitReportReporter -->
<testsuite skipped="0" hostname="LAPTOP-A4I96GSD" name="com.testNG.TestNG_Assignment" tests="9" failures="0" timestamp="2020-07-02T00:24:23 IST" time="0.072" errors="0">
  <testcase name="testSubtract" time="0.003" classname="com.testNG.TestNG_Assignment"/>
  <system-out/>
  <testcase name="testMultiply" time="0.002" classname="com.testNG.TestNG_Assignment"/>
  <system-out/>
  <testcase name="testMultiply" time="0.006" classname="com.testNG.TestNG_Assignment"/>
  <system-out/>
  <testcase name="testMultiply" time="0.003" classname="com.testNG.TestNG_Assignment"/>
  <system-out/>
  <testcase name="testDivide" time="0.004" classname="com.testNG.TestNG_Assignment"/>
  <system-out/>
  <testcase name="testExponent" time="0.015" classname="com.testNG.TestNG_Assignment"/>
  <system-out/>
  <testcase name="testInverse" time="0.015" classname="com.testNG.TestNG_Assignment"/>
  <system-out/>
  <testcase name="testNegate" time="0.015" classname="com.testNG.TestNG_Assignment"/>
  <system-out/>
  <testcase name="testMod" time="0.009" classname="com.testNG.TestNG_Assignment"/>
  <system-out/>
</testsuite> <!-- com.testNG.TestNG_Assignment -->
